<?xml version="1.0" encoding="UTF-8"?>
<!-- Generated by org.testng.reporters.JUnitXMLReporter -->
<testsuite ignored="0" hostname="DESKTOP-GK9NPT3" failures="1" tests="5" name="Surefire test" time="49.651" errors="0" timestamp="2020-09-23T15:10:49 EDT">
  <testcase classname="com.expedia.flightbooking.TestNG_Grouping" name="AudiA6" time="0.003"/>
  <testcase classname="com.expedia.flightbooking.TestNG_Grouping" name="BMW3Series" time="0.001"/>
  <testcase classname="com.expedia.flightbooking.TestNG_Grouping" name="BMWX3" time="0.001"/>
  <testcase classname="com.expedia.flightbooking.TestNG_Grouping" name="HondaAccord" time="0.001"/>
  <testcase classname="com.expedia.flightbooking.TestNG_TestSuite" name="fillBasicInfo" time="10.825">
    <failure type="org.openqa.selenium.NoSuchElementException" message="no such element: Unable to locate element: {&amp;quot;method&amp;quot;:&amp;quot;xpath&amp;quot;,&amp;quot;selector&amp;quot;:&amp;quot;/html/body/div[1]/div[1]/div/div[1]/div/div[1]/div[3]/div/figure/div[3]/div/div/div/div/div[1]/div/form/div[1]/div[1]/div/div/div/div/div/div/div[1]/button&amp;quot;}
  (Session info: chrome=85.0.4183.121)
For documentation on this error, please visit: https://www.seleniumhq.org/exceptions/no_such_element.html
Build info: version: &amp;apos;3.141.59&amp;apos;, revision: &amp;apos;e82be7d358&amp;apos;, time: &amp;apos;2018-11-14T08:17:03&amp;apos;
System info: host: &amp;apos;DESKTOP-GK9NPT3&amp;apos;, ip: &amp;apos;192.168.1.64&amp;apos;, os.name: &amp;apos;Windows 10&amp;apos;, os.arch: &amp;apos;amd64&amp;apos;, os.version: &amp;apos;10.0&amp;apos;, java.version: &amp;apos;15&amp;apos;
Driver info: org.openqa.selenium.chrome.ChromeDriver
Capabilities {acceptInsecureCerts: false, browserName: chrome, browserVersion: 85.0.4183.121, chrome: {chromedriverVersion: 85.0.4183.87 (cd6713ebf92fa..., userDataDir: C:\Users\User\AppData\Local...}, goog:chromeOptions: {debuggerAddress: localhost:58876}, javascriptEnabled: true, networkConnectionEnabled: false, pageLoadStrategy: normal, platform: WINDOWS, platformName: WINDOWS, proxy: Proxy(), setWindowRect: true, strictFileInteractability: false, timeouts: {implicit: 0, pageLoad: 300000, script: 30000}, unhandledPromptBehavior: dismiss and notify, webauthn:virtualAuthenticators: true}
Session ID: ddd3ffa94c24b2368715852a2c25a140
*** Element info: {Using=xpath, value=/html/body/div[1]/div[1]/div/div[1]/div/div[1]/div[3]/div/figure/div[3]/div/div/div/div/div[1]/div/form/div[1]/div[1]/div/div/div/div/div/div/div[1]/button}">
      <![CDATA[org.openqa.selenium.NoSuchElementException: no such element: Unable to locate element: {"method":"xpath","selector":"/html/body/div[1]/div[1]/div/div[1]/div/div[1]/div[3]/div/figure/div[3]/div/div/div/div/div[1]/div/form/div[1]/div[1]/div/div/div/div/div/div/div[1]/button"}
  (Session info: chrome=85.0.4183.121)
For documentation on this error, please visit: https://www.seleniumhq.org/exceptions/no_such_element.html
Build info: version: '3.141.59', revision: 'e82be7d358', time: '2018-11-14T08:17:03'
System info: host: 'DESKTOP-GK9NPT3', ip: '192.168.1.64', os.name: 'Windows 10', os.arch: 'amd64', os.version: '10.0', java.version: '15'
Driver info: org.openqa.selenium.chrome.ChromeDriver
Capabilities {acceptInsecureCerts: false, browserName: chrome, browserVersion: 85.0.4183.121, chrome: {chromedriverVersion: 85.0.4183.87 (cd6713ebf92fa..., userDataDir: C:\Users\User\AppData\Local...}, goog:chromeOptions: {debuggerAddress: localhost:58876}, javascriptEnabled: true, networkConnectionEnabled: false, pageLoadStrategy: normal, platform: WINDOWS, platformName: WINDOWS, proxy: Proxy(), setWindowRect: true, strictFileInteractability: false, timeouts: {implicit: 0, pageLoad: 300000, script: 30000}, unhandledPromptBehavior: dismiss and notify, webauthn:virtualAuthenticators: true}
Session ID: ddd3ffa94c24b2368715852a2c25a140
*** Element info: {Using=xpath, value=/html/body/div[1]/div[1]/div/div[1]/div/div[1]/div[3]/div/figure/div[3]/div/div/div/div/div[1]/div/form/div[1]/div[1]/div/div/div/div/div/div/div[1]/button}
at org.openqa.selenium.remote.http.W3CHttpResponseCodec.createException(W3CHttpResponseCodec.java:187)
at org.openqa.selenium.remote.http.W3CHttpResponseCodec.decode(W3CHttpResponseCodec.java:122)
at org.openqa.selenium.remote.http.W3CHttpResponseCodec.decode(W3CHttpResponseCodec.java:49)
at org.openqa.selenium.remote.HttpCommandExecutor.execute(HttpCommandExecutor.java:158)
at org.openqa.selenium.remote.service.DriverCommandExecutor.execute(DriverCommandExecutor.java:83)
at org.openqa.selenium.remote.RemoteWebDriver.execute(RemoteWebDriver.java:552)
at org.openqa.selenium.remote.RemoteWebDriver.findElement(RemoteWebDriver.java:323)
at org.openqa.selenium.remote.RemoteWebDriver.findElementByXPath(RemoteWebDriver.java:428)
at org.openqa.selenium.By$ByXPath.findElement(By.java:353)
at org.openqa.selenium.remote.RemoteWebDriver.findElement(RemoteWebDriver.java:315)
at pageClasses.SearchPage.findGoingToButton(SearchPage.java:43)
at com.expedia.flightbooking.TestNG_TestSuite.fillBasicInfo(TestNG_TestSuite.java:41)
at java.base/java.util.ArrayList.forEach(ArrayList.java:1511)
... Removed 37 stack frames]]>
    </failure>
  </testcase> <!-- fillBasicInfo -->
</testsuite> <!-- Surefire test -->
